recv:LOGIN usi-csa-bridge test
send:LOGIN:usi-csa-bridge OK
send:BEGIN Game_Summary
send:Protocol_Version:1.2
send:Protocol_Mode:Server
send:Format:Shogi 1.0
send:Declaration:Jishogi 1.1
send:Game_ID:test+test-30-5F+Enemy+usi-csa-bridge+20250830012151
send:Name+:Enemy
send:Name-:usi-csa-bridge
send:Your_Turn:-
send:Rematch_On_Draw:NO
send:To_Move:+
send:Max_Moves:256
send:BEGIN Time
send:Time_Unit:1sec
send:Total_Time:30
send:Byoyomi:0
send:Increment:5
send:Least_Time_Per_Move:0
send:END Time
send:BEGIN Position
send:P1-KY-KE-GI-KI-OU-KI-GI-KE-KY
send:P2 * -HI *  *  *  *  * -KA * 
send:P3-FU-FU-FU-FU-FU-FU-FU-FU-FU
send:P4 *  *  *  *  *  *  *  *  * 
send:P5 *  *  *  *  *  *  *  *  * 
send:P6 *  *  *  *  *  *  *  *  * 
send:P7+FU+FU+FU+FU+FU+FU+FU+FU+FU
send:P8 * +KA *  *  *  *  * +HI * 
send:P9+KY+KE+GI+KI+OU+KI+GI+KE+KY
send:+
send:END Position
send:END Game_Summary
recv:AGREE test+test-30-5F+Enemy+usi-csa-bridge+20250830012151
send:START:test+test-30-5F+Enemy+usi-csa-bridge+20250830012151
send:+2726FU,T2
recv:-8384FU
send:-8384FU,T0
send:+7776FU,T2
recv:-8485FU
send:-8485FU,T0
send:+8877KA,T1
recv:-3334FU
send:-3334FU,T0
send:+7968GI,T1
recv:-4344FU
send:-4344FU,T0
send:+2625FU,T1
recv:-2233KA
send:-2233KA,T0
send:+3948GI,T1
recv:-3132GI,'* 8 +5756FU -3243GI +6978KI -4132KI
send:-3132GI,T0
send:+6978KI,T3
recv:-3243GI,'* -12 +5756FU -4132KI +6766FU -7162GI
send:-3243GI,T0
send:+6766FU,T2
recv:-4132KI,'* 0 +6867GI -6152KI +4958KI -7162GI
send:-4132KI,T0
send:+6867GI,T1
recv:-6152KI,'* 0 +4958KI -7162GI +5756FU -5354FU
send:-6152KI,T0
send:+4746FU,T2
recv:-7162GI,'* 29 +4847GI -5354FU +4958KI -6253GI
send:-7162GI,T0
send:+3736FU,T1
recv:-6364FU,'* 28 +4847GI -6263GI +2937KE -6354GI
send:-6364FU,T0
send:+2937KE,T2
recv:-6263GI,'* 0 +4847GI -7374FU +4958KI -8173KE
send:-6263GI,T0
send:+4847GI,T1
recv:-7374FU,'* 0 +4958KI -8173KE +2829HI -8281HI
send:-7374FU,T0
send:+4958KI,T1
recv:-8173KE,'* 0 +2829HI -8281HI +5948OU -5162OU
send:-8173KE,T0
send:+2829HI,T1
recv:-8281HI,'* 0 +5948OU -5162OU +4838OU -6272OU
send:-8281HI,T0
send:+1716FU,T1
recv:-5162OU,'* 0 +5948OU -6272OU +4838OU -9394FU
send:-5162OU,T0
send:+9796FU,T2
recv:-6272OU,'* 0 +5948OU -9394FU +4838OU -1314FU
send:-6272OU,T0
send:+9695FU,T4
recv:-5354FU,'* 27 +5948OU -3342KA +4838OU -2133KE
send:-5354FU,T0
send:+5968OU,T2
recv:-6465FU,'* -41 +6665FU -7365KE +7766KA -8586FU +8786FU -8186HI
send:-6465FU,T0
send:+6665FU,T1
recv:-7365KE,'* 52 +7766KA -7475FU +7675FU -8586FU +8786FU -8186HI
send:-7365KE,T0
send:+7788KA,T1
recv:-8586FU,'* 90 +8786FU -8186HI +6879OU -8681HI +4756GI
send:-8586FU,T0
send:+8786FU,T1
recv:-8186HI,'* -66 +8866KA -8681HI +6879OU -0087FU
send:-8186HI,T0
send:+0087FU,T1
recv:-8681HI,'* 30 +6879OU -0064FU +8866KA -7262OU
send:-8681HI,T0
send:+0066FU,T1
recv:-6557NK,'* 332 +5857KI -0064FU +6858OU -3342KA +8977KE
send:-6557NK,T0
send:+5857KI,T1
recv:-0064FU,'* 266 +6858OU -3342KA +8977KE -2133KE
send:-0064FU,T0
send:+4756GI,T5
recv:-3435FU,'* 247 +5647GI -3536FU +4736GI -0086FU +8786FU -8186HI
send:-3435FU,T0
send:+5647GI,T3
recv:-3536FU,'* 304 +4736GI -0038FU +6858OU -3839TO +2939HI
send:-3536FU,T0
send:+4736GI,T1
recv:-0034FU,'* 305 +6858OU -3342KA +5747KI -2133KE
send:-0034FU,T0
send:+6879OU,T3
recv:-7262OU,'* 333 +8877KA -5455FU +6665FU -6465FU +7755KA
send:-7262OU,T0
send:+8877KA,T1
recv:-1314FU,'* 478 +5758KI -5455FU +4645FU -4445FU +3745KE
send:-1314FU,T0
send:+7768KA,T2
recv:-5455FU,'* 461 +5758KI -4354GI +4645FU -4445FU +3645GI
send:-5455FU,T0
send:+0056FU,T6
recv:-5556FU,'* 463 +5756KI -0053FU +4645FU -4445FU +3745KE
send:-5556FU,T0
send:+5756KI,T0
recv:-0055FU,'* 536 +5655KI -0054FU +5556KI -6253OU
send:-0055FU,T0
send:+5655KI,T1
recv:-4354GI,'* 633 +5554KI -6354GI +4645FU -4445FU +3645GI -5445GI +3745KE
send:-4354GI,T0
send:+5556KI,T3
recv:-0055FU,'* 521 +5657KI -3243KI +4645FU -4445FU +3645GI
send:-0055FU,T0
send:+5657KI,T1
recv:-3435FU,'* 548 +3635GI -0036FU +0053FU -5253KI
send:-3435FU,T0
send:+3647GI,T1
recv:-6253OU,'* 656 +5758KI -3536FU +4736GI -3243KI
send:-6253OU,T0
send:+2926HI,T2
recv:-3243KI,'* 669 +5758KI -5362OU +8786FU -6253OU
send:-3243KI,T0
send:+8977KE,T4
recv:-3342KA,'* 677 +5758KI -5362OU +7988OU -4253KA
send:-3342KA,T0
send:+5758KI,T1
recv:-4334KI,'* 751 +0056FU -5556FU +4756GI -5362OU
send:-4334KI,T0
send:+4645FU,T4
recv:-4445FU,'* 677 +0046FU -5362OU +4645FU -4253KA
send:-4445FU,T0
send:+0036FU,T1
recv:-3536FU,'* 439 +2636HI -0035FU +3635HI -3435KI +6835KA -5343OU
send:-3536FU,T0
send:+4736GI,T1
recv:-4233KA,'* 602 +3635GI -3435KI +6835KA -0044GI +3557KA
send:-4233KA,T0
send:+0035FU,T3
recv:-3444KI,'* 525 +7988OU -5362OU +6857KA -6253OU
send:-3444KI,T0
send:+2524FU,T2
recv:-2324FU,'* 523 +0057KE -2425FU +5745KE -5445GI +3745KE -4445KI +3625GI
send:-2324FU,T0
send:+0022FU,T2
recv:-2113KE,'* 295 +7988OU -1325KE +3725KE -2425FU +2625HI
send:-2113KE,T0
send:+1615FU,T2
recv:-2425FU,'* 203 +3725KE -1325KE +3625GI -0056KE +6857KA -1415FU
send:-2425FU,T0
send:+2629HI,T3
recv:-1415FU,'* 255 +7988OU -0086FU +8786FU -8186HI +0087FU
send:-1415FU,T0
send:+2949HI,T7
recv:-5362OU,'* 409 +2221TO -8121HI +3645GI -5445GI +3745KE
send:-5362OU,T0
send:+3745KE,T4
recv:-0048FU,'* 524 +4948HI -0047FU +4847HI -3342KA
send:-0048FU,T0
send:+4948HI,T1
recv:-0047FU,'* 784 +4847HI -3342KA +0053FU -5243KI
send:-0047FU,T0
send:+4847HI,T1
recv:-3322KA,'* 929 +0053FU -5242KI +7988OU -4443KI +1915KY
send:-3322KA,T0
send:+0023FU,T2
recv:-2231KA,'* 1064 +0053FU -5242KI +0014FU -0037FU +1915KY -3738TO +1413TO -1113KY
send:-2231KA,T0
send:+4533NK,T4
recv:-0046FU,'* 989 +4746HI -0045FU +4648HI -3153KA +2322TO
send:-0046FU,T0
send:+4746HI,T1
recv:-0045FU,'* 996 +4648HI -3153KA +2322TO -1516FU +1916KY
send:-0045FU,T0
send:+4649HI,T1
recv:-0037FU,'* 1115 +4948HI -2526FU +1915KY -3153KA +1513NY -1113KY +2322TO -1317NY
send:-0037FU,T0
send:+4948HI,T2
recv:-3738TO,'* 1249 +4838HI -3153KA +2322TO -0037FU +3837HI
send:-3738TO,T0
send:+4838HI,T1
recv:-3153KA,'* 1349 +2322TO -0037FU +3828HI -3738TO +2838HI
send:-3153KA,T0
send:+2322TO,T5
recv:-7475FU,'* 1626 +2211TO -7576FU +6776GI -8111HI +1915KY
send:-7475FU,T0
send:+7675FU,T1
recv:-0088FU,'* 1866 +2211TO -8889TO +7989OU -8111HI +0074KE -6273OU +1915KY
send:-0088FU,T0
send:+7988OU,T3
recv:-9394FU,'* 2096 +2211TO -9495FU +0074KE -6272OU +0086KY -8111HI +1915KY
send:-9394FU,T0
send:+9594FU,T1
recv:-9194KY,'* 2146 +9994KY -0096FU +2211TO -9697TO +8897OU
send:-9194KY,T0
send:+9994KY,T1
recv:-0097FU,'* 2321 +2211TO -8111HI +0074KE -6374GI +7574FU -0075KE
send:-0097FU,T0
send:+0086KY,T5
recv:-8171HI,'* 2327 +2211TO -7175HI +8683NY -0076FU +9493NY
send:-8171HI,T0
send:+6776GI,T3
recv:-6465FU,'* 2369 +8682NY -7175HI +7675GI -5375KA +2211TO -6566FU +1915KY
send:-6465FU,T0
send:+6665FU,T3
recv:-2526FU,'* 2526 +2211TO -7111HI +8897OU -6251OU +9493NY
send:-2526FU,T0
send:+8682NY,T6
recv:-7141HI,'* 2679 +8897OU -6251OU +5867KI -4546FU +6846KA
send:-7141HI,T0
send:+2232TO,T1
recv:-4161HI,'* 2962 +9493NY -1325KE +0074KE -6251OU +8897OU
send:-4161HI,T0
send:+7785KE,T3
recv:-5251KI,'* 3359 +6895KA -6252OU +9573UM -9798TO +8898OU -5162KI
send:-5251KI,T0
send:+6895KA,T2
recv:-6252OU,'* 3500 +9573UM -1325KE +9493NY -5162KI +7395UM
send:-6252OU,T0
send:+8573NK,T1
recv:-2627TO,'* 3526 +3627GI -1325KE +8897OU -1516FU +8272NY
send:-2627TO,T0
send:+3627GI,T1
recv:-1325KE,'* 3656 +8897OU -1516FU +7363NK -5463GI +2726GI
send:-1325KE,T0
send:+3534FU,T3
recv:-1516FU,'* 3553 +7363NK -5463GI +0036KE -6354GI +3644KE -5344KA +8897OU -1617TO
send:-1516FU,T0
send:+3242TO,T2
recv:-5142KI,'* 3583 +3342NK -5242OU +3433TO -4252OU +7363NK -5463GI +9573UM -1617TO
send:-5142KI,T0
send:+3342NK,T1
recv:-5242OU,'* 3644 +3433TO -4252OU +7363NK -5463GI +9573UM -9798TO +8877OU -1617TO
send:-5242OU,T0
send:+3433TO,T1
recv:-4252OU,'* 3604 +7363NK -5463GI +0036KE -1617TO +3644KE -5344KA
send:-4252OU,T0
send:+0042KI,T6
recv:-5342KA,'* 3693 +7362NK -5253OU +6261NK -0052KI +3342TO -5342OU
send:-5342KA,T0
send:+3342TO,T0
recv:-5242OU,'* 3260 +7363NK -9798TO +8898OU -5463GI +0033GI -4243OU +3344NG -4344OU +3832RY -1617TO
send:-5242OU,T0
send:+0024KA,T1
recv:-4253OU,'* 3509 +7363NK -5463GI +3833RY -0043KI +0042GI -5352OU +0053FU -4353KI
send:-4253OU,T0
send:+3833RY,T4
recv:-0043KI,'* 3931 +7363NK -5363OU +0072GI -6353OU +7261GI -4333KI +0083HI -0063FU +2433UM
send:-0043KI,T0
send:+7363NK,T7
recv:-5363OU,'* 3985 +0072GI -6353OU +7261GI -4333KI +2433UM -0084FU +9584KA
send:-5363OU,T0
send:+0064GI,T5
recv:-6352OU,'* 3596 +3332RY -0042KE +0053FU -4353KI
send:-6352OU,T0
send:+0053FU,T4
recv:-5241OU,'* 3338 +0042FU -4342KI
send:-5241OU,T0
send:+0042FU,T1
recv:-4342KI
send:-4342KI,T0
send:+3342RY,T1
recv:%TORYO
send:%TORYO
send:#RESIGN
send:#LOSE